<?xml version="1.0" encoding="UTF-8"?>
<testng-results skipped="0" failed="0" total="1" passed="1">
  <reporter-output>
  </reporter-output>
  <suite name="Default suite" duration-ms="4544" started-at="2019-11-01T18:13:52Z" finished-at="2019-11-01T18:13:56Z">
    <groups>
    </groups>
    <test name="Default test" duration-ms="4544" started-at="2019-11-01T18:13:52Z" finished-at="2019-11-01T18:13:56Z">
      <class name="RestAssured.BasicFeatures">
        <test-method status="PASS" signature="testlogging()[pri:0, instance:RestAssured.BasicFeatures@6767c1fc]" name="testlogging" duration-ms="4513" started-at="2019-11-01T23:43:52Z" finished-at="2019-11-01T23:43:56Z">
          <reporter-output>
          </reporter-output>
        </test-method> <!-- testlogging -->
      </class> <!-- RestAssured.BasicFeatures -->
    </test> <!-- Default test -->
  </suite> <!-- Default suite -->
</testng-results>
